<?xml version="1.0" encoding="UTF-8"?>
<testsuite name="co.edu.unisabana.inventario.Inventario.InventarioApplicationTest" tests="1" skipped="0" failures="0" errors="0" timestamp="2023-09-29T01:49:48" hostname="LEPCBRE" time="0.555">
  <properties/>
  <testcase name="contextLoads()" classname="co.edu.unisabana.inventario.Inventario.InventarioApplicationTest" time="0.555"/>
  <system-out><![CDATA[20:49:32.363 [Test worker] DEBUG org.springframework.test.context.BootstrapUtils - Instantiating CacheAwareContextLoaderDelegate from class [org.springframework.test.context.cache.DefaultCacheAwareContextLoaderDelegate]
20:49:32.419 [Test worker] DEBUG org.springframework.test.context.BootstrapUtils - Instantiating BootstrapContext using constructor [public org.springframework.test.context.support.DefaultBootstrapContext(java.lang.Class,org.springframework.test.context.CacheAwareContextLoaderDelegate)]
20:49:32.563 [Test worker] DEBUG org.springframework.test.context.BootstrapUtils - Instantiating TestContextBootstrapper for test class [co.edu.unisabana.inventario.Inventario.InventarioApplicationTest] from class [org.springframework.boot.test.context.SpringBootTestContextBootstrapper]
20:49:32.615 [Test worker] INFO org.springframework.boot.test.context.SpringBootTestContextBootstrapper - Neither @ContextConfiguration nor @ContextHierarchy found for test class [co.edu.unisabana.inventario.Inventario.InventarioApplicationTest], using SpringBootContextLoader
20:49:32.633 [Test worker] DEBUG org.springframework.test.context.support.AbstractContextLoader - Did not detect default resource location for test class [co.edu.unisabana.inventario.Inventario.InventarioApplicationTest]: class path resource [co/edu/unisabana/inventario/Inventario/InventarioApplicationTest-context.xml] does not exist
20:49:32.634 [Test worker] DEBUG org.springframework.test.context.support.AbstractContextLoader - Did not detect default resource location for test class [co.edu.unisabana.inventario.Inventario.InventarioApplicationTest]: class path resource [co/edu/unisabana/inventario/Inventario/InventarioApplicationTestContext.groovy] does not exist
20:49:32.634 [Test worker] INFO org.springframework.test.context.support.AbstractContextLoader - Could not detect default resource locations for test class [co.edu.unisabana.inventario.Inventario.InventarioApplicationTest]: no resource found for suffixes {-context.xml, Context.groovy}.
20:49:32.637 [Test worker] INFO org.springframework.test.context.support.AnnotationConfigContextLoaderUtils - Could not detect default configuration classes for test class [co.edu.unisabana.inventario.Inventario.InventarioApplicationTest]: InventarioApplicationTest does not declare any static, non-private, non-final, nested classes annotated with @Configuration.
20:49:33.043 [Test worker] DEBUG org.springframework.context.annotation.ClassPathScanningCandidateComponentProvider - Identified candidate component class: file [C:\Users\Deutsch\Downloads\Inventario\build\classes\java\main\co\edu\unisabana\inventario\Inventario\InventarioApplication.class]
20:49:33.045 [Test worker] INFO org.springframework.boot.test.context.SpringBootTestContextBootstrapper - Found @SpringBootConfiguration co.edu.unisabana.inventario.Inventario.InventarioApplication for test class co.edu.unisabana.inventario.Inventario.InventarioApplicationTest
20:49:33.448 [Test worker] DEBUG org.springframework.boot.test.context.SpringBootTestContextBootstrapper - @TestExecutionListeners is not present for class [co.edu.unisabana.inventario.Inventario.InventarioApplicationTest]: using defaults.
20:49:33.451 [Test worker] INFO org.springframework.boot.test.context.SpringBootTestContextBootstrapper - Loaded default TestExecutionListener class names from location [META-INF/spring.factories]: [org.springframework.boot.test.autoconfigure.restdocs.RestDocsTestExecutionListener, org.springframework.boot.test.autoconfigure.web.client.MockRestServiceServerResetTestExecutionListener, org.springframework.boot.test.autoconfigure.web.servlet.MockMvcPrintOnlyOnFailureTestExecutionListener, org.springframework.boot.test.autoconfigure.web.servlet.WebDriverTestExecutionListener, org.springframework.boot.test.autoconfigure.webservices.client.MockWebServiceServerTestExecutionListener, org.springframework.boot.test.mock.mockito.MockitoTestExecutionListener, org.springframework.boot.test.mock.mockito.ResetMocksTestExecutionListener, org.springframework.test.context.web.ServletTestExecutionListener, org.springframework.test.context.support.DirtiesContextBeforeModesTestExecutionListener, org.springframework.test.context.event.ApplicationEventsTestExecutionListener, org.springframework.test.context.support.DependencyInjectionTestExecutionListener, org.springframework.test.context.support.DirtiesContextTestExecutionListener, org.springframework.test.context.transaction.TransactionalTestExecutionListener, org.springframework.test.context.jdbc.SqlScriptsTestExecutionListener, org.springframework.test.context.event.EventPublishingTestExecutionListener]
20:49:33.531 [Test worker] INFO org.springframework.boot.test.context.SpringBootTestContextBootstrapper - Using TestExecutionListeners: [org.springframework.test.context.web.ServletTestExecutionListener@6e60f18, org.springframework.test.context.support.DirtiesContextBeforeModesTestExecutionListener@5cf8676a, org.springframework.test.context.event.ApplicationEventsTestExecutionListener@47f04e4d, org.springframework.boot.test.mock.mockito.MockitoTestExecutionListener@3520963d, org.springframework.boot.test.autoconfigure.SpringBootDependencyInjectionTestExecutionListener@388d14e, org.springframework.test.context.support.DirtiesContextTestExecutionListener@1cd43562, org.springframework.test.context.transaction.TransactionalTestExecutionListener@59939293, org.springframework.test.context.jdbc.SqlScriptsTestExecutionListener@68b366e2, org.springframework.test.context.event.EventPublishingTestExecutionListener@2d74c81b, org.springframework.boot.test.autoconfigure.restdocs.RestDocsTestExecutionListener@10b687f2, org.springframework.boot.test.autoconfigure.web.client.MockRestServiceServerResetTestExecutionListener@55f4887d, org.springframework.boot.test.autoconfigure.web.servlet.MockMvcPrintOnlyOnFailureTestExecutionListener@26837057, org.springframework.boot.test.autoconfigure.web.servlet.WebDriverTestExecutionListener@2dbc408c, org.springframework.boot.test.autoconfigure.webservices.client.MockWebServiceServerTestExecutionListener@991cbde, org.springframework.boot.test.mock.mockito.ResetMocksTestExecutionListener@78d71df1]
20:49:33.546 [Test worker] DEBUG org.springframework.test.context.support.AbstractDirtiesContextTestExecutionListener - Before test class: context [DefaultTestContext@22bdb1d0 testClass = InventarioApplicationTest, testInstance = [null], testMethod = [null], testException = [null], mergedContextConfiguration = [WebMergedContextConfiguration@67b355c8 testClass = InventarioApplicationTest, locations = '{}', classes = '{class co.edu.unisabana.inventario.Inventario.InventarioApplication}', contextInitializerClasses = '[]', activeProfiles = '{test}', propertySourceLocations = '{}', propertySourceProperties = '{org.springframework.boot.test.context.SpringBootTestContextBootstrapper=true}', contextCustomizers = set[org.springframework.boot.test.autoconfigure.actuate.metrics.MetricsExportContextCustomizerFactory$DisableMetricExportContextCustomizer@9e2ad91, org.springframework.boot.test.autoconfigure.properties.PropertyMappingContextCustomizer@0, org.springframework.boot.test.autoconfigure.web.servlet.WebDriverContextCustomizerFactory$Customizer@5633dafd, org.springframework.boot.test.context.filter.ExcludeFilterContextCustomizer@778d82e9, org.springframework.boot.test.json.DuplicateJsonObjectContextCustomizerFactory$DuplicateJsonObjectContextCustomizer@13da7ab0, org.springframework.boot.test.mock.mockito.MockitoContextCustomizer@0, org.springframework.boot.test.web.client.TestRestTemplateContextCustomizer@a518813, org.springframework.boot.test.context.SpringBootTestArgs@1, org.springframework.boot.test.context.SpringBootTestWebEnvironment@6815c5f2], resourceBasePath = 'src/main/webapp', contextLoader = 'org.springframework.boot.test.context.SpringBootContextLoader', parent = [null]], attributes = map['org.springframework.test.context.web.ServletTestExecutionListener.activateListener' -> true]], class annotated with @DirtiesContext [false] with mode [null].

  .   ____          _            __ _ _
 /\\ / ___'_ __ _ _(_)_ __  __ _ \ \ \ \
( ( )\___ | '_ | '_| | '_ \/ _` | \ \ \ \
 \\/  ___)| |_)| | | | | || (_| |  ) ) ) )
  '  |____| .__|_| |_|_| |_\__, | / / / /
 =========|_|==============|___/=/_/_/_/
 :: Spring Boot ::               (v2.7.16)

2023-09-28 20:49:34.541  INFO 16412 --- [    Test worker] c.e.u.i.I.InventarioApplicationTest      : Starting InventarioApplicationTest using Java 17.0.8 on LePCbre with PID 16412 (started by Deutsch in C:\Users\Deutsch\Downloads\Inventario)
2023-09-28 20:49:34.544  INFO 16412 --- [    Test worker] c.e.u.i.I.InventarioApplicationTest      : The following 1 profile is active: "test"
2023-09-28 20:49:37.292  INFO 16412 --- [    Test worker] .s.d.r.c.RepositoryConfigurationDelegate : Bootstrapping Spring Data JPA repositories in DEFAULT mode.
2023-09-28 20:49:37.440  INFO 16412 --- [    Test worker] .s.d.r.c.RepositoryConfigurationDelegate : Finished Spring Data repository scanning in 116 ms. Found 1 JPA repository interfaces.
2023-09-28 20:49:39.129  INFO 16412 --- [    Test worker] com.zaxxer.hikari.HikariDataSource       : HikariPool-1 - Starting...
2023-09-28 20:49:40.150  INFO 16412 --- [    Test worker] com.zaxxer.hikari.HikariDataSource       : HikariPool-1 - Start completed.
2023-09-28 20:49:40.319  INFO 16412 --- [    Test worker] o.hibernate.jpa.internal.util.LogHelper  : HHH000204: Processing PersistenceUnitInfo [name: default]
2023-09-28 20:49:40.574  INFO 16412 --- [    Test worker] org.hibernate.Version                    : HHH000412: Hibernate ORM core version 5.6.15.Final
2023-09-28 20:49:41.225  INFO 16412 --- [    Test worker] o.hibernate.annotations.common.Version   : HCANN000001: Hibernate Commons Annotations {5.1.2.Final}
2023-09-28 20:49:41.692  INFO 16412 --- [    Test worker] org.hibernate.dialect.Dialect            : HHH000400: Using dialect: org.hibernate.dialect.H2Dialect
2023-09-28 20:49:43.710  INFO 16412 --- [    Test worker] o.h.e.t.j.p.i.JtaPlatformInitiator       : HHH000490: Using JtaPlatform implementation: [org.hibernate.engine.transaction.jta.platform.internal.NoJtaPlatform]
2023-09-28 20:49:43.747  INFO 16412 --- [    Test worker] j.LocalContainerEntityManagerFactoryBean : Initialized JPA EntityManagerFactory for persistence unit 'default'
2023-09-28 20:49:46.029  INFO 16412 --- [    Test worker] o.s.b.a.e.web.EndpointLinksResolver      : Exposing 1 endpoint(s) beneath base path '/actuator'
2023-09-28 20:49:46.221  WARN 16412 --- [    Test worker] JpaBaseConfiguration$JpaWebConfiguration : spring.jpa.open-in-view is enabled by default. Therefore, database queries may be performed during view rendering. Explicitly configure spring.jpa.open-in-view to disable this warning
2023-09-28 20:49:48.713  INFO 16412 --- [    Test worker] c.e.u.i.I.InventarioApplicationTest      : Started InventarioApplicationTest in 15.001 seconds (JVM running for 19.149)
]]></system-out>
  <system-err><![CDATA[]]></system-err>
</testsuite>
