<?xml version="1.0" encoding="UTF-8"?>
<testsuite name="co.edu.unisabana.inventario.integracion.InventarioControllerTest" tests="8" skipped="0" failures="0" errors="0" timestamp="2023-11-01T16:08:18" hostname="LEPCBRE" time="3.287">
  <properties/>
  <testcase name="Dado_id_producto_Cuando_controlador_obtener_stock_por_id_Entonces_obtener_stock_por_id()" classname="co.edu.unisabana.inventario.integracion.InventarioControllerTest" time="2.679"/>
  <testcase name="Dado_dto_existente_Cuando_controlador_borrar_producto_Entonces_no_borra_dto()" classname="co.edu.unisabana.inventario.integracion.InventarioControllerTest" time="0.073"/>
  <testcase name="Dado_categoria_Cuando_controlador_busqueda_por_categoria_Entonces_obtener_productos_por_categoria()" classname="co.edu.unisabana.inventario.integracion.InventarioControllerTest" time="0.236"/>
  <testcase name="Dado_dto_existente_Cuando_controlador_ver_producto_por_id_Entonces_visualiza_dto_nombre()" classname="co.edu.unisabana.inventario.integracion.InventarioControllerTest" time="0.087"/>
  <testcase name="Dado_dto_existente_Cuando_controlador_actualizar_producto_Entonces_no_actualiza_dto()" classname="co.edu.unisabana.inventario.integracion.InventarioControllerTest" time="0.067"/>
  <testcase name="Dado_dto_existente_Cuando_controlador_actualizar_producto_Entonces_actualiza_dto()" classname="co.edu.unisabana.inventario.integracion.InventarioControllerTest" time="0.043"/>
  <testcase name="Dado_dto_existente_Cuando_controlador_borrar_producto_Entonces_borra_dto()" classname="co.edu.unisabana.inventario.integracion.InventarioControllerTest" time="0.055"/>
  <testcase name="Dado_no_dto_existente_Cuando_controlador_agregar_producto_Entonces_agrega_dto()" classname="co.edu.unisabana.inventario.integracion.InventarioControllerTest" time="0.033"/>
  <system-out><![CDATA[11:07:46.272 [Test worker] DEBUG org.springframework.test.context.BootstrapUtils - Instantiating CacheAwareContextLoaderDelegate from class [org.springframework.test.context.cache.DefaultCacheAwareContextLoaderDelegate]
11:07:46.388 [Test worker] DEBUG org.springframework.test.context.BootstrapUtils - Instantiating BootstrapContext using constructor [public org.springframework.test.context.support.DefaultBootstrapContext(java.lang.Class,org.springframework.test.context.CacheAwareContextLoaderDelegate)]
11:07:46.651 [Test worker] DEBUG org.springframework.test.context.BootstrapUtils - Instantiating TestContextBootstrapper for test class [co.edu.unisabana.inventario.integracion.InventarioControllerTest] from class [org.springframework.boot.test.context.SpringBootTestContextBootstrapper]
11:07:46.745 [Test worker] INFO org.springframework.boot.test.context.SpringBootTestContextBootstrapper - Neither @ContextConfiguration nor @ContextHierarchy found for test class [co.edu.unisabana.inventario.integracion.InventarioControllerTest], using SpringBootContextLoader
11:07:46.768 [Test worker] DEBUG org.springframework.test.context.support.AbstractContextLoader - Did not detect default resource location for test class [co.edu.unisabana.inventario.integracion.InventarioControllerTest]: class path resource [co/edu/unisabana/inventario/integracion/InventarioControllerTest-context.xml] does not exist
11:07:46.769 [Test worker] DEBUG org.springframework.test.context.support.AbstractContextLoader - Did not detect default resource location for test class [co.edu.unisabana.inventario.integracion.InventarioControllerTest]: class path resource [co/edu/unisabana/inventario/integracion/InventarioControllerTestContext.groovy] does not exist
11:07:46.769 [Test worker] INFO org.springframework.test.context.support.AbstractContextLoader - Could not detect default resource locations for test class [co.edu.unisabana.inventario.integracion.InventarioControllerTest]: no resource found for suffixes {-context.xml, Context.groovy}.
11:07:46.773 [Test worker] INFO org.springframework.test.context.support.AnnotationConfigContextLoaderUtils - Could not detect default configuration classes for test class [co.edu.unisabana.inventario.integracion.InventarioControllerTest]: InventarioControllerTest does not declare any static, non-private, non-final, nested classes annotated with @Configuration.
11:07:47.341 [Test worker] DEBUG org.springframework.context.annotation.ClassPathScanningCandidateComponentProvider - Identified candidate component class: file [C:\Users\Deutsch\Downloads\Inventario\build\classes\java\main\co\edu\unisabana\inventario\InventarioApplication.class]
11:07:47.345 [Test worker] INFO org.springframework.boot.test.context.SpringBootTestContextBootstrapper - Found @SpringBootConfiguration co.edu.unisabana.inventario.InventarioApplication for test class co.edu.unisabana.inventario.integracion.InventarioControllerTest
11:07:47.952 [Test worker] DEBUG org.springframework.boot.test.context.SpringBootTestContextBootstrapper - @TestExecutionListeners is not present for class [co.edu.unisabana.inventario.integracion.InventarioControllerTest]: using defaults.
11:07:47.956 [Test worker] INFO org.springframework.boot.test.context.SpringBootTestContextBootstrapper - Loaded default TestExecutionListener class names from location [META-INF/spring.factories]: [org.springframework.security.test.context.support.WithSecurityContextTestExecutionListener, org.springframework.security.test.context.support.ReactorContextTestExecutionListener, org.springframework.test.context.web.ServletTestExecutionListener, org.springframework.test.context.support.DirtiesContextBeforeModesTestExecutionListener, org.springframework.test.context.event.ApplicationEventsTestExecutionListener, org.springframework.test.context.support.DependencyInjectionTestExecutionListener, org.springframework.test.context.support.DirtiesContextTestExecutionListener, org.springframework.test.context.transaction.TransactionalTestExecutionListener, org.springframework.test.context.jdbc.SqlScriptsTestExecutionListener, org.springframework.test.context.event.EventPublishingTestExecutionListener, org.springframework.boot.test.autoconfigure.restdocs.RestDocsTestExecutionListener, org.springframework.boot.test.autoconfigure.web.client.MockRestServiceServerResetTestExecutionListener, org.springframework.boot.test.autoconfigure.web.servlet.MockMvcPrintOnlyOnFailureTestExecutionListener, org.springframework.boot.test.autoconfigure.web.servlet.WebDriverTestExecutionListener, org.springframework.boot.test.autoconfigure.webservices.client.MockWebServiceServerTestExecutionListener, org.springframework.boot.test.mock.mockito.MockitoTestExecutionListener, org.springframework.boot.test.mock.mockito.ResetMocksTestExecutionListener]
11:07:48.069 [Test worker] INFO org.springframework.boot.test.context.SpringBootTestContextBootstrapper - Using TestExecutionListeners: [org.springframework.test.context.web.ServletTestExecutionListener@3fa21d49, org.springframework.test.context.support.DirtiesContextBeforeModesTestExecutionListener@416d56f2, org.springframework.test.context.event.ApplicationEventsTestExecutionListener@6e31d989, org.springframework.boot.test.mock.mockito.MockitoTestExecutionListener@1b01a0d, org.springframework.boot.test.autoconfigure.SpringBootDependencyInjectionTestExecutionListener@2ed71727, org.springframework.test.context.support.DirtiesContextTestExecutionListener@5261ec9, org.springframework.test.context.transaction.TransactionalTestExecutionListener@65bb6275, org.springframework.test.context.jdbc.SqlScriptsTestExecutionListener@64da6cbd, org.springframework.security.test.context.support.WithSecurityContextTestExecutionListener@72a2312e, org.springframework.test.context.event.EventPublishingTestExecutionListener@47c7a9e5, org.springframework.security.test.context.support.ReactorContextTestExecutionListener@7951c3a2, org.springframework.boot.test.autoconfigure.restdocs.RestDocsTestExecutionListener@4ed9f7b1, org.springframework.boot.test.autoconfigure.web.client.MockRestServiceServerResetTestExecutionListener@2d119405, org.springframework.boot.test.autoconfigure.web.servlet.MockMvcPrintOnlyOnFailureTestExecutionListener@57e388c3, org.springframework.boot.test.autoconfigure.web.servlet.WebDriverTestExecutionListener@20580d4e, org.springframework.boot.test.autoconfigure.webservices.client.MockWebServiceServerTestExecutionListener@21bd128b, org.springframework.boot.test.mock.mockito.ResetMocksTestExecutionListener@2d0b05]
11:07:48.092 [Test worker] DEBUG org.springframework.test.context.support.AbstractDirtiesContextTestExecutionListener - Before test class: context [DefaultTestContext@76bf1bb8 testClass = InventarioControllerTest, testInstance = [null], testMethod = [null], testException = [null], mergedContextConfiguration = [WebMergedContextConfiguration@2a235b8e testClass = InventarioControllerTest, locations = '{}', classes = '{class co.edu.unisabana.inventario.InventarioApplication}', contextInitializerClasses = '[]', activeProfiles = '{test}', propertySourceLocations = '{}', propertySourceProperties = '{org.springframework.boot.test.context.SpringBootTestContextBootstrapper=true, server.port=0}', contextCustomizers = set[org.springframework.boot.test.autoconfigure.actuate.metrics.MetricsExportContextCustomizerFactory$DisableMetricExportContextCustomizer@77eb5790, org.springframework.boot.test.autoconfigure.properties.PropertyMappingContextCustomizer@0, org.springframework.boot.test.autoconfigure.web.servlet.WebDriverContextCustomizerFactory$Customizer@3d5790ea, org.springframework.boot.test.context.filter.ExcludeFilterContextCustomizer@a18649a, org.springframework.boot.test.json.DuplicateJsonObjectContextCustomizerFactory$DuplicateJsonObjectContextCustomizer@e8e0dec, org.springframework.boot.test.mock.mockito.MockitoContextCustomizer@0, org.springframework.boot.test.web.client.TestRestTemplateContextCustomizer@7ca8d498, org.springframework.boot.test.context.SpringBootTestArgs@1, org.springframework.boot.test.context.SpringBootTestWebEnvironment@5ebd56e9], resourceBasePath = 'src/main/webapp', contextLoader = 'org.springframework.boot.test.context.SpringBootContextLoader', parent = [null]], attributes = map['org.springframework.test.context.web.ServletTestExecutionListener.activateListener' -> false]], class annotated with @DirtiesContext [false] with mode [null].
11:07:48.145 [Test worker] DEBUG org.springframework.test.context.support.DependencyInjectionTestExecutionListener - Performing dependency injection for test context [[DefaultTestContext@76bf1bb8 testClass = InventarioControllerTest, testInstance = co.edu.unisabana.inventario.integracion.InventarioControllerTest@61ae0d43, testMethod = [null], testException = [null], mergedContextConfiguration = [WebMergedContextConfiguration@2a235b8e testClass = InventarioControllerTest, locations = '{}', classes = '{class co.edu.unisabana.inventario.InventarioApplication}', contextInitializerClasses = '[]', activeProfiles = '{test}', propertySourceLocations = '{}', propertySourceProperties = '{org.springframework.boot.test.context.SpringBootTestContextBootstrapper=true, server.port=0}', contextCustomizers = set[org.springframework.boot.test.autoconfigure.actuate.metrics.MetricsExportContextCustomizerFactory$DisableMetricExportContextCustomizer@77eb5790, org.springframework.boot.test.autoconfigure.properties.PropertyMappingContextCustomizer@0, org.springframework.boot.test.autoconfigure.web.servlet.WebDriverContextCustomizerFactory$Customizer@3d5790ea, org.springframework.boot.test.context.filter.ExcludeFilterContextCustomizer@a18649a, org.springframework.boot.test.json.DuplicateJsonObjectContextCustomizerFactory$DuplicateJsonObjectContextCustomizer@e8e0dec, org.springframework.boot.test.mock.mockito.MockitoContextCustomizer@0, org.springframework.boot.test.web.client.TestRestTemplateContextCustomizer@7ca8d498, org.springframework.boot.test.context.SpringBootTestArgs@1, org.springframework.boot.test.context.SpringBootTestWebEnvironment@5ebd56e9], resourceBasePath = 'src/main/webapp', contextLoader = 'org.springframework.boot.test.context.SpringBootContextLoader', parent = [null]], attributes = map['org.springframework.test.context.web.ServletTestExecutionListener.activateListener' -> false, 'org.springframework.test.context.event.ApplicationEventsTestExecutionListener.recordApplicationEvents' -> false]]].

  .   ____          _            __ _ _
 /\\ / ___'_ __ _ _(_)_ __  __ _ \ \ \ \
( ( )\___ | '_ | '_| | '_ \/ _` | \ \ \ \
 \\/  ___)| |_)| | | | | || (_| |  ) ) ) )
  '  |____| .__|_| |_|_| |_\__, | / / / /
 =========|_|==============|___/=/_/_/_/
 :: Spring Boot ::               (v2.7.16)

2023-11-01 11:07:50.112  INFO 32164 --- [    Test worker] c.e.u.i.i.InventarioControllerTest       : Starting InventarioControllerTest using Java 17.0.9 on LePCbre with PID 32164 (started by Deutsch in C:\Users\Deutsch\Downloads\Inventario)
2023-11-01 11:07:50.116  INFO 32164 --- [    Test worker] c.e.u.i.i.InventarioControllerTest       : The following 1 profile is active: "test"
2023-11-01 11:07:55.325  INFO 32164 --- [    Test worker] .s.d.r.c.RepositoryConfigurationDelegate : Bootstrapping Spring Data JPA repositories in DEFAULT mode.
2023-11-01 11:07:55.557  INFO 32164 --- [    Test worker] .s.d.r.c.RepositoryConfigurationDelegate : Finished Spring Data repository scanning in 187 ms. Found 1 JPA repository interfaces.
2023-11-01 11:07:59.250  INFO 32164 --- [    Test worker] o.s.b.w.embedded.tomcat.TomcatWebServer  : Tomcat initialized with port(s): 0 (http)
2023-11-01 11:07:59.312  INFO 32164 --- [    Test worker] o.apache.catalina.core.StandardService   : Starting service [Tomcat]
2023-11-01 11:07:59.313  INFO 32164 --- [    Test worker] org.apache.catalina.core.StandardEngine  : Starting Servlet engine: [Apache Tomcat/9.0.80]
2023-11-01 11:07:59.816  INFO 32164 --- [    Test worker] o.a.c.c.C.[Tomcat].[localhost].[/]       : Initializing Spring embedded WebApplicationContext
2023-11-01 11:07:59.817  INFO 32164 --- [    Test worker] w.s.c.ServletWebServerApplicationContext : Root WebApplicationContext: initialization completed in 9469 ms
2023-11-01 11:08:01.978  INFO 32164 --- [    Test worker] o.hibernate.jpa.internal.util.LogHelper  : HHH000204: Processing PersistenceUnitInfo [name: default]
2023-11-01 11:08:02.412  INFO 32164 --- [    Test worker] org.hibernate.Version                    : HHH000412: Hibernate ORM core version 5.6.15.Final
2023-11-01 11:08:03.546  INFO 32164 --- [    Test worker] o.hibernate.annotations.common.Version   : HCANN000001: Hibernate Commons Annotations {5.1.2.Final}
2023-11-01 11:08:04.209  INFO 32164 --- [    Test worker] com.zaxxer.hikari.HikariDataSource       : HikariPool-1 - Starting...
2023-11-01 11:08:06.228  INFO 32164 --- [    Test worker] com.zaxxer.hikari.HikariDataSource       : HikariPool-1 - Start completed.
2023-11-01 11:08:06.426  INFO 32164 --- [    Test worker] org.hibernate.dialect.Dialect            : HHH000400: Using dialect: org.hibernate.dialect.H2Dialect
2023-11-01 11:08:11.194  INFO 32164 --- [    Test worker] o.h.e.t.j.p.i.JtaPlatformInitiator       : HHH000490: Using JtaPlatform implementation: [org.hibernate.engine.transaction.jta.platform.internal.NoJtaPlatform]
2023-11-01 11:08:11.252  INFO 32164 --- [    Test worker] j.LocalContainerEntityManagerFactoryBean : Initialized JPA EntityManagerFactory for persistence unit 'default'
2023-11-01 11:08:13.286  WARN 32164 --- [    Test worker] JpaBaseConfiguration$JpaWebConfiguration : spring.jpa.open-in-view is enabled by default. Therefore, database queries may be performed during view rendering. Explicitly configure spring.jpa.open-in-view to disable this warning
2023-11-01 11:08:14.847  INFO 32164 --- [    Test worker] o.s.b.a.e.web.EndpointLinksResolver      : Exposing 1 endpoint(s) beneath base path '/actuator'
2023-11-01 11:08:16.067  WARN 32164 --- [    Test worker] o.s.s.c.a.web.builders.WebSecurity       : You are asking Spring Security to ignore Ant [pattern='/**']. This is not recommended -- please use permitAll via HttpSecurity#authorizeHttpRequests instead.
2023-11-01 11:08:16.069  INFO 32164 --- [    Test worker] o.s.s.web.DefaultSecurityFilterChain     : Will not secure Ant [pattern='/**']
2023-11-01 11:08:16.393  INFO 32164 --- [    Test worker] o.s.s.web.DefaultSecurityFilterChain     : Will secure any request with [org.springframework.security.web.session.DisableEncodeUrlFilter@338c727, org.springframework.security.web.context.request.async.WebAsyncManagerIntegrationFilter@13af4318, org.springframework.security.web.context.SecurityContextPersistenceFilter@30c39288, org.springframework.security.web.header.HeaderWriterFilter@18af3716, org.springframework.security.web.csrf.CsrfFilter@5be39e00, org.springframework.security.web.authentication.logout.LogoutFilter@2fac813f, org.springframework.security.web.authentication.www.BasicAuthenticationFilter@3ad98a3, org.springframework.security.web.savedrequest.RequestCacheAwareFilter@625b0589, org.springframework.security.web.servletapi.SecurityContextHolderAwareRequestFilter@182a2c6b, org.springframework.security.web.authentication.AnonymousAuthenticationFilter@53d44e7a, org.springframework.security.web.session.SessionManagementFilter@6a4dfee2, org.springframework.security.web.access.ExceptionTranslationFilter@14c1d07a, org.springframework.security.web.access.intercept.FilterSecurityInterceptor@47afcbdd]
2023-11-01 11:08:18.313  INFO 32164 --- [    Test worker] o.s.b.w.embedded.tomcat.TomcatWebServer  : Tomcat started on port(s): 52401 (http) with context path ''
2023-11-01 11:08:18.467  INFO 32164 --- [    Test worker] c.e.u.i.i.InventarioControllerTest       : Started InventarioControllerTest in 30.157 seconds (JVM running for 38.786)
2023-11-01 11:08:20.179  INFO 32164 --- [o-auto-1-exec-1] o.a.c.c.C.[Tomcat].[localhost].[/]       : Initializing Spring DispatcherServlet 'dispatcherServlet'
2023-11-01 11:08:20.179  INFO 32164 --- [o-auto-1-exec-1] o.s.web.servlet.DispatcherServlet        : Initializing Servlet 'dispatcherServlet'
2023-11-01 11:08:20.182  INFO 32164 --- [o-auto-1-exec-1] o.s.web.servlet.DispatcherServlet        : Completed initialization in 3 ms
]]></system-out>
  <system-err><![CDATA[]]></system-err>
</testsuite>
