<?xml version="1.0" encoding="UTF-8"?>
<testsuite name="co.edu.unisabana.inventario.Inventario.integracion.InventarioControllerTest" tests="8" skipped="0" failures="0" errors="0" timestamp="2023-09-29T01:49:52" hostname="LEPCBRE" time="1.356">
  <properties/>
  <testcase name="Dado_id_producto_Cuando_controlador_obtener_stock_por_id_Entonces_obtener_stock_por_id()" classname="co.edu.unisabana.inventario.Inventario.integracion.InventarioControllerTest" time="1.045"/>
  <testcase name="Dado_dto_existente_Cuando_controlador_borrar_producto_Entonces_no_borra_dto()" classname="co.edu.unisabana.inventario.Inventario.integracion.InventarioControllerTest" time="0.034"/>
  <testcase name="Dado_categoria_Cuando_controlador_busqueda_por_categoria_Entonces_obtener_productos_por_categoria()" classname="co.edu.unisabana.inventario.Inventario.integracion.InventarioControllerTest" time="0.123"/>
  <testcase name="Dado_dto_existente_Cuando_controlador_ver_producto_por_id_Entonces_visualiza_dto_nombre()" classname="co.edu.unisabana.inventario.Inventario.integracion.InventarioControllerTest" time="0.038"/>
  <testcase name="Dado_dto_existente_Cuando_controlador_actualizar_producto_Entonces_no_actualiza_dto()" classname="co.edu.unisabana.inventario.Inventario.integracion.InventarioControllerTest" time="0.041"/>
  <testcase name="Dado_dto_existente_Cuando_controlador_actualizar_producto_Entonces_actualiza_dto()" classname="co.edu.unisabana.inventario.Inventario.integracion.InventarioControllerTest" time="0.023"/>
  <testcase name="Dado_dto_existente_Cuando_controlador_borrar_producto_Entonces_borra_dto()" classname="co.edu.unisabana.inventario.Inventario.integracion.InventarioControllerTest" time="0.03"/>
  <testcase name="Dado_no_dto_existente_Cuando_controlador_agregar_producto_Entonces_agrega_dto()" classname="co.edu.unisabana.inventario.Inventario.integracion.InventarioControllerTest" time="0.013"/>
  <system-out><![CDATA[2023-09-28 20:49:49.383  INFO 16412 --- [    Test worker] .b.t.c.SpringBootTestContextBootstrapper : Neither @ContextConfiguration nor @ContextHierarchy found for test class [co.edu.unisabana.inventario.Inventario.integracion.InventarioControllerTest], using SpringBootContextLoader
2023-09-28 20:49:49.384  INFO 16412 --- [    Test worker] o.s.t.c.support.AbstractContextLoader    : Could not detect default resource locations for test class [co.edu.unisabana.inventario.Inventario.integracion.InventarioControllerTest]: no resource found for suffixes {-context.xml, Context.groovy}.
2023-09-28 20:49:49.384  INFO 16412 --- [    Test worker] t.c.s.AnnotationConfigContextLoaderUtils : Could not detect default configuration classes for test class [co.edu.unisabana.inventario.Inventario.integracion.InventarioControllerTest]: InventarioControllerTest does not declare any static, non-private, non-final, nested classes annotated with @Configuration.
2023-09-28 20:49:49.392  INFO 16412 --- [    Test worker] .b.t.c.SpringBootTestContextBootstrapper : Found @SpringBootConfiguration co.edu.unisabana.inventario.Inventario.InventarioApplication for test class co.edu.unisabana.inventario.Inventario.integracion.InventarioControllerTest
2023-09-28 20:49:49.393  INFO 16412 --- [    Test worker] .b.t.c.SpringBootTestContextBootstrapper : Loaded default TestExecutionListener class names from location [META-INF/spring.factories]: [org.springframework.boot.test.autoconfigure.restdocs.RestDocsTestExecutionListener, org.springframework.boot.test.autoconfigure.web.client.MockRestServiceServerResetTestExecutionListener, org.springframework.boot.test.autoconfigure.web.servlet.MockMvcPrintOnlyOnFailureTestExecutionListener, org.springframework.boot.test.autoconfigure.web.servlet.WebDriverTestExecutionListener, org.springframework.boot.test.autoconfigure.webservices.client.MockWebServiceServerTestExecutionListener, org.springframework.boot.test.mock.mockito.MockitoTestExecutionListener, org.springframework.boot.test.mock.mockito.ResetMocksTestExecutionListener, org.springframework.test.context.web.ServletTestExecutionListener, org.springframework.test.context.support.DirtiesContextBeforeModesTestExecutionListener, org.springframework.test.context.event.ApplicationEventsTestExecutionListener, org.springframework.test.context.support.DependencyInjectionTestExecutionListener, org.springframework.test.context.support.DirtiesContextTestExecutionListener, org.springframework.test.context.transaction.TransactionalTestExecutionListener, org.springframework.test.context.jdbc.SqlScriptsTestExecutionListener, org.springframework.test.context.event.EventPublishingTestExecutionListener]
2023-09-28 20:49:49.394  INFO 16412 --- [    Test worker] .b.t.c.SpringBootTestContextBootstrapper : Using TestExecutionListeners: [org.springframework.test.context.web.ServletTestExecutionListener@74d9fd6c, org.springframework.test.context.support.DirtiesContextBeforeModesTestExecutionListener@51d13ed, org.springframework.test.context.event.ApplicationEventsTestExecutionListener@17279611, org.springframework.boot.test.mock.mockito.MockitoTestExecutionListener@223dd1c1, org.springframework.boot.test.autoconfigure.SpringBootDependencyInjectionTestExecutionListener@19b47a77, org.springframework.test.context.support.DirtiesContextTestExecutionListener@74db90d7, org.springframework.test.context.transaction.TransactionalTestExecutionListener@5fe71743, org.springframework.test.context.jdbc.SqlScriptsTestExecutionListener@139866a7, org.springframework.test.context.event.EventPublishingTestExecutionListener@29c5c161, org.springframework.boot.test.autoconfigure.restdocs.RestDocsTestExecutionListener@130b1a6, org.springframework.boot.test.autoconfigure.web.client.MockRestServiceServerResetTestExecutionListener@668af3cc, org.springframework.boot.test.autoconfigure.web.servlet.MockMvcPrintOnlyOnFailureTestExecutionListener@36f70ce4, org.springframework.boot.test.autoconfigure.web.servlet.WebDriverTestExecutionListener@313e1d92, org.springframework.boot.test.autoconfigure.webservices.client.MockWebServiceServerTestExecutionListener@35873792, org.springframework.boot.test.mock.mockito.ResetMocksTestExecutionListener@4a2a67d]

  .   ____          _            __ _ _
 /\\ / ___'_ __ _ _(_)_ __  __ _ \ \ \ \
( ( )\___ | '_ | '_| | '_ \/ _` | \ \ \ \
 \\/  ___)| |_)| | | | | || (_| |  ) ) ) )
  '  |____| .__|_| |_|_| |_\__, | / / / /
 =========|_|==============|___/=/_/_/_/
 :: Spring Boot ::               (v2.7.16)

2023-09-28 20:49:49.428  INFO 16412 --- [    Test worker] c.e.u.i.I.i.InventarioControllerTest     : Starting InventarioControllerTest using Java 17.0.8 on LePCbre with PID 16412 (started by Deutsch in C:\Users\Deutsch\Downloads\Inventario)
2023-09-28 20:49:49.428  INFO 16412 --- [    Test worker] c.e.u.i.I.i.InventarioControllerTest     : The following 1 profile is active: "test"
2023-09-28 20:49:49.827  INFO 16412 --- [    Test worker] .s.d.r.c.RepositoryConfigurationDelegate : Bootstrapping Spring Data JPA repositories in DEFAULT mode.
2023-09-28 20:49:49.834  INFO 16412 --- [    Test worker] .s.d.r.c.RepositoryConfigurationDelegate : Finished Spring Data repository scanning in 7 ms. Found 1 JPA repository interfaces.
2023-09-28 20:49:50.333  INFO 16412 --- [    Test worker] o.s.b.w.embedded.tomcat.TomcatWebServer  : Tomcat initialized with port(s): 0 (http)
2023-09-28 20:49:50.361  INFO 16412 --- [    Test worker] o.apache.catalina.core.StandardService   : Starting service [Tomcat]
2023-09-28 20:49:50.362  INFO 16412 --- [    Test worker] org.apache.catalina.core.StandardEngine  : Starting Servlet engine: [Apache Tomcat/9.0.80]
2023-09-28 20:49:50.644  INFO 16412 --- [    Test worker] o.a.c.c.C.[Tomcat].[localhost].[/]       : Initializing Spring embedded WebApplicationContext
2023-09-28 20:49:50.644  INFO 16412 --- [    Test worker] w.s.c.ServletWebServerApplicationContext : Root WebApplicationContext: initialization completed in 1213 ms
2023-09-28 20:49:51.026  INFO 16412 --- [    Test worker] com.zaxxer.hikari.HikariDataSource       : HikariPool-2 - Starting...
2023-09-28 20:49:51.027  INFO 16412 --- [    Test worker] com.zaxxer.hikari.HikariDataSource       : HikariPool-2 - Start completed.
2023-09-28 20:49:51.039  INFO 16412 --- [    Test worker] o.hibernate.jpa.internal.util.LogHelper  : HHH000204: Processing PersistenceUnitInfo [name: default]
2023-09-28 20:49:51.046  INFO 16412 --- [    Test worker] org.hibernate.dialect.Dialect            : HHH000400: Using dialect: org.hibernate.dialect.H2Dialect
2023-09-28 20:49:51.086  INFO 16412 --- [    Test worker] o.h.e.t.j.p.i.JtaPlatformInitiator       : HHH000490: Using JtaPlatform implementation: [org.hibernate.engine.transaction.jta.platform.internal.NoJtaPlatform]
2023-09-28 20:49:51.086  INFO 16412 --- [    Test worker] j.LocalContainerEntityManagerFactoryBean : Initialized JPA EntityManagerFactory for persistence unit 'default'
2023-09-28 20:49:51.429  INFO 16412 --- [    Test worker] o.s.b.a.e.web.EndpointLinksResolver      : Exposing 1 endpoint(s) beneath base path '/actuator'
2023-09-28 20:49:51.447  WARN 16412 --- [    Test worker] JpaBaseConfiguration$JpaWebConfiguration : spring.jpa.open-in-view is enabled by default. Therefore, database queries may be performed during view rendering. Explicitly configure spring.jpa.open-in-view to disable this warning
2023-09-28 20:49:52.002  INFO 16412 --- [    Test worker] o.s.b.w.embedded.tomcat.TomcatWebServer  : Tomcat started on port(s): 50360 (http) with context path ''
2023-09-28 20:49:52.070  INFO 16412 --- [    Test worker] c.e.u.i.I.i.InventarioControllerTest     : Started InventarioControllerTest in 2.674 seconds (JVM running for 22.507)
2023-09-28 20:49:52.515  INFO 16412 --- [o-auto-1-exec-1] o.a.c.c.C.[Tomcat].[localhost].[/]       : Initializing Spring DispatcherServlet 'dispatcherServlet'
2023-09-28 20:49:52.515  INFO 16412 --- [o-auto-1-exec-1] o.s.web.servlet.DispatcherServlet        : Initializing Servlet 'dispatcherServlet'
2023-09-28 20:49:52.517  INFO 16412 --- [o-auto-1-exec-1] o.s.web.servlet.DispatcherServlet        : Completed initialization in 2 ms
]]></system-out>
  <system-err><![CDATA[]]></system-err>
</testsuite>
