<?xml version="1.0" encoding="UTF-8"?>
<testsuite name="co.edu.unisabana.inventario.unitario.InventarioLogicaTest" tests="6" skipped="0" failures="0" errors="0" timestamp="2023-11-16T22:43:27" hostname="LEPCBRE" time="0.353">
  <properties/>
  <testcase name="Dado_categoria_Cuando_filtrar_por_categoria_Entonces_obtener_productos_por_categoria()" classname="co.edu.unisabana.inventario.unitario.InventarioLogicaTest" time="0.34"/>
  <testcase name="Dado_producto_Cuando_logica_ver_por_id_Entonces_ver_producto()" classname="co.edu.unisabana.inventario.unitario.InventarioLogicaTest" time="0.004"/>
  <testcase name="Dado_producto_existente_Cuando_logica_actualizar_Entonces_actualizar_producto()" classname="co.edu.unisabana.inventario.unitario.InventarioLogicaTest" time="0.003"/>
  <testcase name="Dado_producto_existente_Cuando_logica_eliminar_Entonces_borrar_producto_logico()" classname="co.edu.unisabana.inventario.unitario.InventarioLogicaTest" time="0.001"/>
  <testcase name="Dado_id_producto_Cuando_obtener_stock_por_id_Entonces_obtener_stock_producto()" classname="co.edu.unisabana.inventario.unitario.InventarioLogicaTest" time="0.001"/>
  <testcase name="Dado_producto_nuevo_Cuando_logica_agregar_Entonces_agregar_producto()" classname="co.edu.unisabana.inventario.unitario.InventarioLogicaTest" time="0.001"/>
  <system-out><![CDATA[]]></system-out>
  <system-err><![CDATA[]]></system-err>
</testsuite>
