<?xml version="1.0" encoding="UTF-8"?>
<testsuite name="co.edu.unisabana.inventario.Inventario.integracion.InventarioControllerTest" tests="8" skipped="0" failures="0" errors="0" timestamp="2023-10-26T23:21:27" hostname="LEPCBRE" time="2.612">
  <properties/>
  <testcase name="Dado_id_producto_Cuando_controlador_obtener_stock_por_id_Entonces_obtener_stock_por_id()" classname="co.edu.unisabana.inventario.Inventario.integracion.InventarioControllerTest" time="2.031"/>
  <testcase name="Dado_dto_existente_Cuando_controlador_borrar_producto_Entonces_no_borra_dto()" classname="co.edu.unisabana.inventario.Inventario.integracion.InventarioControllerTest" time="0.055"/>
  <testcase name="Dado_categoria_Cuando_controlador_busqueda_por_categoria_Entonces_obtener_productos_por_categoria()" classname="co.edu.unisabana.inventario.Inventario.integracion.InventarioControllerTest" time="0.21"/>
  <testcase name="Dado_dto_existente_Cuando_controlador_ver_producto_por_id_Entonces_visualiza_dto_nombre()" classname="co.edu.unisabana.inventario.Inventario.integracion.InventarioControllerTest" time="0.088"/>
  <testcase name="Dado_dto_existente_Cuando_controlador_actualizar_producto_Entonces_no_actualiza_dto()" classname="co.edu.unisabana.inventario.Inventario.integracion.InventarioControllerTest" time="0.077"/>
  <testcase name="Dado_dto_existente_Cuando_controlador_actualizar_producto_Entonces_actualiza_dto()" classname="co.edu.unisabana.inventario.Inventario.integracion.InventarioControllerTest" time="0.051"/>
  <testcase name="Dado_dto_existente_Cuando_controlador_borrar_producto_Entonces_borra_dto()" classname="co.edu.unisabana.inventario.Inventario.integracion.InventarioControllerTest" time="0.056"/>
  <testcase name="Dado_no_dto_existente_Cuando_controlador_agregar_producto_Entonces_agrega_dto()" classname="co.edu.unisabana.inventario.Inventario.integracion.InventarioControllerTest" time="0.032"/>
  <system-out><![CDATA[2023-10-26 18:21:20.440  INFO 10444 --- [    Test worker] .b.t.c.SpringBootTestContextBootstrapper : Neither @ContextConfiguration nor @ContextHierarchy found for test class [co.edu.unisabana.inventario.Inventario.integracion.InventarioControllerTest], using SpringBootContextLoader
2023-10-26 18:21:20.444  INFO 10444 --- [    Test worker] o.s.t.c.support.AbstractContextLoader    : Could not detect default resource locations for test class [co.edu.unisabana.inventario.Inventario.integracion.InventarioControllerTest]: no resource found for suffixes {-context.xml, Context.groovy}.
2023-10-26 18:21:20.445  INFO 10444 --- [    Test worker] t.c.s.AnnotationConfigContextLoaderUtils : Could not detect default configuration classes for test class [co.edu.unisabana.inventario.Inventario.integracion.InventarioControllerTest]: InventarioControllerTest does not declare any static, non-private, non-final, nested classes annotated with @Configuration.
2023-10-26 18:21:20.469  INFO 10444 --- [    Test worker] .b.t.c.SpringBootTestContextBootstrapper : Found @SpringBootConfiguration co.edu.unisabana.inventario.Inventario.InventarioApplication for test class co.edu.unisabana.inventario.Inventario.integracion.InventarioControllerTest
2023-10-26 18:21:20.472  INFO 10444 --- [    Test worker] .b.t.c.SpringBootTestContextBootstrapper : Loaded default TestExecutionListener class names from location [META-INF/spring.factories]: [org.springframework.boot.test.autoconfigure.restdocs.RestDocsTestExecutionListener, org.springframework.boot.test.autoconfigure.web.client.MockRestServiceServerResetTestExecutionListener, org.springframework.boot.test.autoconfigure.web.servlet.MockMvcPrintOnlyOnFailureTestExecutionListener, org.springframework.boot.test.autoconfigure.web.servlet.WebDriverTestExecutionListener, org.springframework.boot.test.autoconfigure.webservices.client.MockWebServiceServerTestExecutionListener, org.springframework.boot.test.mock.mockito.MockitoTestExecutionListener, org.springframework.boot.test.mock.mockito.ResetMocksTestExecutionListener, org.springframework.test.context.web.ServletTestExecutionListener, org.springframework.test.context.support.DirtiesContextBeforeModesTestExecutionListener, org.springframework.test.context.event.ApplicationEventsTestExecutionListener, org.springframework.test.context.support.DependencyInjectionTestExecutionListener, org.springframework.test.context.support.DirtiesContextTestExecutionListener, org.springframework.test.context.transaction.TransactionalTestExecutionListener, org.springframework.test.context.jdbc.SqlScriptsTestExecutionListener, org.springframework.test.context.event.EventPublishingTestExecutionListener]
2023-10-26 18:21:20.473  INFO 10444 --- [    Test worker] .b.t.c.SpringBootTestContextBootstrapper : Using TestExecutionListeners: [org.springframework.test.context.web.ServletTestExecutionListener@504afa3c, org.springframework.test.context.support.DirtiesContextBeforeModesTestExecutionListener@1a9d9a3e, org.springframework.test.context.event.ApplicationEventsTestExecutionListener@158315c8, org.springframework.boot.test.mock.mockito.MockitoTestExecutionListener@8df2d4f, org.springframework.boot.test.autoconfigure.SpringBootDependencyInjectionTestExecutionListener@f43bd72, org.springframework.test.context.support.DirtiesContextTestExecutionListener@79f98ace, org.springframework.test.context.transaction.TransactionalTestExecutionListener@74d9fd6c, org.springframework.test.context.jdbc.SqlScriptsTestExecutionListener@51d13ed, org.springframework.test.context.event.EventPublishingTestExecutionListener@17279611, org.springframework.boot.test.autoconfigure.restdocs.RestDocsTestExecutionListener@223dd1c1, org.springframework.boot.test.autoconfigure.web.client.MockRestServiceServerResetTestExecutionListener@19b47a77, org.springframework.boot.test.autoconfigure.web.servlet.MockMvcPrintOnlyOnFailureTestExecutionListener@74db90d7, org.springframework.boot.test.autoconfigure.web.servlet.WebDriverTestExecutionListener@5fe71743, org.springframework.boot.test.autoconfigure.webservices.client.MockWebServiceServerTestExecutionListener@139866a7, org.springframework.boot.test.mock.mockito.ResetMocksTestExecutionListener@29c5c161]

  .   ____          _            __ _ _
 /\\ / ___'_ __ _ _(_)_ __  __ _ \ \ \ \
( ( )\___ | '_ | '_| | '_ \/ _` | \ \ \ \
 \\/  ___)| |_)| | | | | || (_| |  ) ) ) )
  '  |____| .__|_| |_|_| |_\__, | / / / /
 =========|_|==============|___/=/_/_/_/
 :: Spring Boot ::               (v2.7.16)

2023-10-26 18:21:20.564  INFO 10444 --- [    Test worker] c.e.u.i.I.i.InventarioControllerTest     : Starting InventarioControllerTest using Java 17.0.9 on LePCbre with PID 10444 (started by Deutsch in C:\Users\Deutsch\Downloads\Inventario)
2023-10-26 18:21:20.565  INFO 10444 --- [    Test worker] c.e.u.i.I.i.InventarioControllerTest     : The following 1 profile is active: "test"
2023-10-26 18:21:22.399  INFO 10444 --- [    Test worker] .s.d.r.c.RepositoryConfigurationDelegate : Bootstrapping Spring Data JPA repositories in DEFAULT mode.
2023-10-26 18:21:22.431  INFO 10444 --- [    Test worker] .s.d.r.c.RepositoryConfigurationDelegate : Finished Spring Data repository scanning in 30 ms. Found 1 JPA repository interfaces.
2023-10-26 18:21:23.584  INFO 10444 --- [    Test worker] o.s.b.w.embedded.tomcat.TomcatWebServer  : Tomcat initialized with port(s): 0 (http)
2023-10-26 18:21:23.643  INFO 10444 --- [    Test worker] o.apache.catalina.core.StandardService   : Starting service [Tomcat]
2023-10-26 18:21:23.644  INFO 10444 --- [    Test worker] org.apache.catalina.core.StandardEngine  : Starting Servlet engine: [Apache Tomcat/9.0.80]
2023-10-26 18:21:24.294  INFO 10444 --- [    Test worker] o.a.c.c.C.[Tomcat].[localhost].[/]       : Initializing Spring embedded WebApplicationContext
2023-10-26 18:21:24.294  INFO 10444 --- [    Test worker] w.s.c.ServletWebServerApplicationContext : Root WebApplicationContext: initialization completed in 3721 ms
2023-10-26 18:21:25.056  INFO 10444 --- [    Test worker] com.zaxxer.hikari.HikariDataSource       : HikariPool-2 - Starting...
2023-10-26 18:21:25.060  INFO 10444 --- [    Test worker] com.zaxxer.hikari.HikariDataSource       : HikariPool-2 - Start completed.
2023-10-26 18:21:25.087  INFO 10444 --- [    Test worker] o.hibernate.jpa.internal.util.LogHelper  : HHH000204: Processing PersistenceUnitInfo [name: default]
2023-10-26 18:21:25.099  INFO 10444 --- [    Test worker] org.hibernate.dialect.Dialect            : HHH000400: Using dialect: org.hibernate.dialect.H2Dialect
2023-10-26 18:21:25.169  INFO 10444 --- [    Test worker] o.h.e.t.j.p.i.JtaPlatformInitiator       : HHH000490: Using JtaPlatform implementation: [org.hibernate.engine.transaction.jta.platform.internal.NoJtaPlatform]
2023-10-26 18:21:25.170  INFO 10444 --- [    Test worker] j.LocalContainerEntityManagerFactoryBean : Initialized JPA EntityManagerFactory for persistence unit 'default'
2023-10-26 18:21:26.256  INFO 10444 --- [    Test worker] o.s.b.a.e.web.EndpointLinksResolver      : Exposing 1 endpoint(s) beneath base path '/actuator'
2023-10-26 18:21:26.315  WARN 10444 --- [    Test worker] JpaBaseConfiguration$JpaWebConfiguration : spring.jpa.open-in-view is enabled by default. Therefore, database queries may be performed during view rendering. Explicitly configure spring.jpa.open-in-view to disable this warning
2023-10-26 18:21:27.791  INFO 10444 --- [    Test worker] o.s.b.w.embedded.tomcat.TomcatWebServer  : Tomcat started on port(s): 53980 (http) with context path ''
2023-10-26 18:21:27.965  INFO 10444 --- [    Test worker] c.e.u.i.I.i.InventarioControllerTest     : Started InventarioControllerTest in 7.487 seconds (JVM running for 76.524)
2023-10-26 18:21:28.915  INFO 10444 --- [o-auto-1-exec-2] o.a.c.c.C.[Tomcat].[localhost].[/]       : Initializing Spring DispatcherServlet 'dispatcherServlet'
2023-10-26 18:21:28.918  INFO 10444 --- [o-auto-1-exec-2] o.s.web.servlet.DispatcherServlet        : Initializing Servlet 'dispatcherServlet'
2023-10-26 18:21:28.922  INFO 10444 --- [o-auto-1-exec-2] o.s.web.servlet.DispatcherServlet        : Completed initialization in 3 ms
]]></system-out>
  <system-err><![CDATA[]]></system-err>
</testsuite>
