<?xml version="1.0" encoding="UTF-8"?>
<testsuite name="co.edu.unisabana.inventario.integracion.InventarioControllerTest" tests="8" skipped="0" failures="0" errors="0" timestamp="2023-11-16T22:43:26" hostname="LEPCBRE" time="1.765">
  <properties/>
  <testcase name="Dado_id_producto_Cuando_controlador_obtener_stock_por_id_Entonces_obtener_stock_por_id()" classname="co.edu.unisabana.inventario.integracion.InventarioControllerTest" time="1.424"/>
  <testcase name="Dado_dto_existente_Cuando_controlador_borrar_producto_Entonces_no_borra_dto()" classname="co.edu.unisabana.inventario.integracion.InventarioControllerTest" time="0.029"/>
  <testcase name="Dado_categoria_Cuando_controlador_busqueda_por_categoria_Entonces_obtener_productos_por_categoria()" classname="co.edu.unisabana.inventario.integracion.InventarioControllerTest" time="0.11"/>
  <testcase name="Dado_dto_existente_Cuando_controlador_ver_producto_por_id_Entonces_visualiza_dto_nombre()" classname="co.edu.unisabana.inventario.integracion.InventarioControllerTest" time="0.055"/>
  <testcase name="Dado_dto_existente_Cuando_controlador_actualizar_producto_Entonces_no_actualiza_dto()" classname="co.edu.unisabana.inventario.integracion.InventarioControllerTest" time="0.037"/>
  <testcase name="Dado_dto_existente_Cuando_controlador_actualizar_producto_Entonces_actualiza_dto()" classname="co.edu.unisabana.inventario.integracion.InventarioControllerTest" time="0.038"/>
  <testcase name="Dado_dto_existente_Cuando_controlador_borrar_producto_Entonces_borra_dto()" classname="co.edu.unisabana.inventario.integracion.InventarioControllerTest" time="0.036"/>
  <testcase name="Dado_no_dto_existente_Cuando_controlador_agregar_producto_Entonces_agrega_dto()" classname="co.edu.unisabana.inventario.integracion.InventarioControllerTest" time="0.026"/>
  <system-out><![CDATA[17:43:07.033 [Test worker] DEBUG org.springframework.test.context.BootstrapUtils - Instantiating CacheAwareContextLoaderDelegate from class [org.springframework.test.context.cache.DefaultCacheAwareContextLoaderDelegate]
17:43:07.074 [Test worker] DEBUG org.springframework.test.context.BootstrapUtils - Instantiating BootstrapContext using constructor [public org.springframework.test.context.support.DefaultBootstrapContext(java.lang.Class,org.springframework.test.context.CacheAwareContextLoaderDelegate)]
17:43:07.183 [Test worker] DEBUG org.springframework.test.context.BootstrapUtils - Instantiating TestContextBootstrapper for test class [co.edu.unisabana.inventario.integracion.InventarioControllerTest] from class [org.springframework.boot.test.context.SpringBootTestContextBootstrapper]
17:43:07.229 [Test worker] INFO org.springframework.boot.test.context.SpringBootTestContextBootstrapper - Neither @ContextConfiguration nor @ContextHierarchy found for test class [co.edu.unisabana.inventario.integracion.InventarioControllerTest], using SpringBootContextLoader
17:43:07.245 [Test worker] DEBUG org.springframework.test.context.support.AbstractContextLoader - Did not detect default resource location for test class [co.edu.unisabana.inventario.integracion.InventarioControllerTest]: class path resource [co/edu/unisabana/inventario/integracion/InventarioControllerTest-context.xml] does not exist
17:43:07.246 [Test worker] DEBUG org.springframework.test.context.support.AbstractContextLoader - Did not detect default resource location for test class [co.edu.unisabana.inventario.integracion.InventarioControllerTest]: class path resource [co/edu/unisabana/inventario/integracion/InventarioControllerTestContext.groovy] does not exist
17:43:07.247 [Test worker] INFO org.springframework.test.context.support.AbstractContextLoader - Could not detect default resource locations for test class [co.edu.unisabana.inventario.integracion.InventarioControllerTest]: no resource found for suffixes {-context.xml, Context.groovy}.
17:43:07.249 [Test worker] INFO org.springframework.test.context.support.AnnotationConfigContextLoaderUtils - Could not detect default configuration classes for test class [co.edu.unisabana.inventario.integracion.InventarioControllerTest]: InventarioControllerTest does not declare any static, non-private, non-final, nested classes annotated with @Configuration.
17:43:07.589 [Test worker] DEBUG org.springframework.context.annotation.ClassPathScanningCandidateComponentProvider - Identified candidate component class: file [C:\Users\Deutsch\Downloads\Inventario\build\classes\java\main\co\edu\unisabana\inventario\InventarioApplication.class]
17:43:07.594 [Test worker] INFO org.springframework.boot.test.context.SpringBootTestContextBootstrapper - Found @SpringBootConfiguration co.edu.unisabana.inventario.InventarioApplication for test class co.edu.unisabana.inventario.integracion.InventarioControllerTest
17:43:08.078 [Test worker] DEBUG org.springframework.boot.test.context.SpringBootTestContextBootstrapper - @TestExecutionListeners is not present for class [co.edu.unisabana.inventario.integracion.InventarioControllerTest]: using defaults.
17:43:08.080 [Test worker] INFO org.springframework.boot.test.context.SpringBootTestContextBootstrapper - Loaded default TestExecutionListener class names from location [META-INF/spring.factories]: [org.springframework.security.test.context.support.WithSecurityContextTestExecutionListener, org.springframework.security.test.context.support.ReactorContextTestExecutionListener, org.springframework.test.context.web.ServletTestExecutionListener, org.springframework.test.context.support.DirtiesContextBeforeModesTestExecutionListener, org.springframework.test.context.event.ApplicationEventsTestExecutionListener, org.springframework.test.context.support.DependencyInjectionTestExecutionListener, org.springframework.test.context.support.DirtiesContextTestExecutionListener, org.springframework.test.context.transaction.TransactionalTestExecutionListener, org.springframework.test.context.jdbc.SqlScriptsTestExecutionListener, org.springframework.test.context.event.EventPublishingTestExecutionListener, org.springframework.boot.test.autoconfigure.restdocs.RestDocsTestExecutionListener, org.springframework.boot.test.autoconfigure.web.client.MockRestServiceServerResetTestExecutionListener, org.springframework.boot.test.autoconfigure.web.servlet.MockMvcPrintOnlyOnFailureTestExecutionListener, org.springframework.boot.test.autoconfigure.web.servlet.WebDriverTestExecutionListener, org.springframework.boot.test.autoconfigure.webservices.client.MockWebServiceServerTestExecutionListener, org.springframework.boot.test.mock.mockito.MockitoTestExecutionListener, org.springframework.boot.test.mock.mockito.ResetMocksTestExecutionListener]
17:43:08.180 [Test worker] INFO org.springframework.boot.test.context.SpringBootTestContextBootstrapper - Using TestExecutionListeners: [org.springframework.test.context.web.ServletTestExecutionListener@3fa21d49, org.springframework.test.context.support.DirtiesContextBeforeModesTestExecutionListener@416d56f2, org.springframework.test.context.event.ApplicationEventsTestExecutionListener@6e31d989, org.springframework.boot.test.mock.mockito.MockitoTestExecutionListener@1b01a0d, org.springframework.boot.test.autoconfigure.SpringBootDependencyInjectionTestExecutionListener@2ed71727, org.springframework.test.context.support.DirtiesContextTestExecutionListener@5261ec9, org.springframework.test.context.transaction.TransactionalTestExecutionListener@65bb6275, org.springframework.test.context.jdbc.SqlScriptsTestExecutionListener@64da6cbd, org.springframework.security.test.context.support.WithSecurityContextTestExecutionListener@72a2312e, org.springframework.test.context.event.EventPublishingTestExecutionListener@47c7a9e5, org.springframework.security.test.context.support.ReactorContextTestExecutionListener@7951c3a2, org.springframework.boot.test.autoconfigure.restdocs.RestDocsTestExecutionListener@4ed9f7b1, org.springframework.boot.test.autoconfigure.web.client.MockRestServiceServerResetTestExecutionListener@2d119405, org.springframework.boot.test.autoconfigure.web.servlet.MockMvcPrintOnlyOnFailureTestExecutionListener@57e388c3, org.springframework.boot.test.autoconfigure.web.servlet.WebDriverTestExecutionListener@20580d4e, org.springframework.boot.test.autoconfigure.webservices.client.MockWebServiceServerTestExecutionListener@21bd128b, org.springframework.boot.test.mock.mockito.ResetMocksTestExecutionListener@2d0b05]
17:43:08.192 [Test worker] DEBUG org.springframework.test.context.support.AbstractDirtiesContextTestExecutionListener - Before test class: context [DefaultTestContext@76bf1bb8 testClass = InventarioControllerTest, testInstance = [null], testMethod = [null], testException = [null], mergedContextConfiguration = [WebMergedContextConfiguration@2a235b8e testClass = InventarioControllerTest, locations = '{}', classes = '{class co.edu.unisabana.inventario.InventarioApplication}', contextInitializerClasses = '[]', activeProfiles = '{test}', propertySourceLocations = '{}', propertySourceProperties = '{org.springframework.boot.test.context.SpringBootTestContextBootstrapper=true, server.port=0}', contextCustomizers = set[org.springframework.boot.test.autoconfigure.actuate.metrics.MetricsExportContextCustomizerFactory$DisableMetricExportContextCustomizer@77eb5790, org.springframework.boot.test.autoconfigure.properties.PropertyMappingContextCustomizer@0, org.springframework.boot.test.autoconfigure.web.servlet.WebDriverContextCustomizerFactory$Customizer@3d5790ea, org.springframework.boot.test.context.filter.ExcludeFilterContextCustomizer@a18649a, org.springframework.boot.test.json.DuplicateJsonObjectContextCustomizerFactory$DuplicateJsonObjectContextCustomizer@e8e0dec, org.springframework.boot.test.mock.mockito.MockitoContextCustomizer@0, org.springframework.boot.test.web.client.TestRestTemplateContextCustomizer@7ca8d498, org.springframework.boot.test.context.SpringBootTestArgs@1, org.springframework.boot.test.context.SpringBootTestWebEnvironment@5ebd56e9], resourceBasePath = 'src/main/webapp', contextLoader = 'org.springframework.boot.test.context.SpringBootContextLoader', parent = [null]], attributes = map['org.springframework.test.context.web.ServletTestExecutionListener.activateListener' -> false]], class annotated with @DirtiesContext [false] with mode [null].
17:43:08.228 [Test worker] DEBUG org.springframework.test.context.support.DependencyInjectionTestExecutionListener - Performing dependency injection for test context [[DefaultTestContext@76bf1bb8 testClass = InventarioControllerTest, testInstance = co.edu.unisabana.inventario.integracion.InventarioControllerTest@61ae0d43, testMethod = [null], testException = [null], mergedContextConfiguration = [WebMergedContextConfiguration@2a235b8e testClass = InventarioControllerTest, locations = '{}', classes = '{class co.edu.unisabana.inventario.InventarioApplication}', contextInitializerClasses = '[]', activeProfiles = '{test}', propertySourceLocations = '{}', propertySourceProperties = '{org.springframework.boot.test.context.SpringBootTestContextBootstrapper=true, server.port=0}', contextCustomizers = set[org.springframework.boot.test.autoconfigure.actuate.metrics.MetricsExportContextCustomizerFactory$DisableMetricExportContextCustomizer@77eb5790, org.springframework.boot.test.autoconfigure.properties.PropertyMappingContextCustomizer@0, org.springframework.boot.test.autoconfigure.web.servlet.WebDriverContextCustomizerFactory$Customizer@3d5790ea, org.springframework.boot.test.context.filter.ExcludeFilterContextCustomizer@a18649a, org.springframework.boot.test.json.DuplicateJsonObjectContextCustomizerFactory$DuplicateJsonObjectContextCustomizer@e8e0dec, org.springframework.boot.test.mock.mockito.MockitoContextCustomizer@0, org.springframework.boot.test.web.client.TestRestTemplateContextCustomizer@7ca8d498, org.springframework.boot.test.context.SpringBootTestArgs@1, org.springframework.boot.test.context.SpringBootTestWebEnvironment@5ebd56e9], resourceBasePath = 'src/main/webapp', contextLoader = 'org.springframework.boot.test.context.SpringBootContextLoader', parent = [null]], attributes = map['org.springframework.test.context.web.ServletTestExecutionListener.activateListener' -> false, 'org.springframework.test.context.event.ApplicationEventsTestExecutionListener.recordApplicationEvents' -> false]]].

  .   ____          _            __ _ _
 /\\ / ___'_ __ _ _(_)_ __  __ _ \ \ \ \
( ( )\___ | '_ | '_| | '_ \/ _` | \ \ \ \
 \\/  ___)| |_)| | | | | || (_| |  ) ) ) )
  '  |____| .__|_| |_|_| |_\__, | / / / /
 =========|_|==============|___/=/_/_/_/
 :: Spring Boot ::               (v2.7.16)

2023-11-16 17:43:09.311  INFO 17004 --- [    Test worker] c.e.u.i.i.InventarioControllerTest       : Starting InventarioControllerTest using Java 17.0.9 on LePCbre with PID 17004 (started by Deutsch in C:\Users\Deutsch\Downloads\Inventario)
2023-11-16 17:43:09.313  INFO 17004 --- [    Test worker] c.e.u.i.i.InventarioControllerTest       : The following 1 profile is active: "test"
2023-11-16 17:43:12.259  INFO 17004 --- [    Test worker] .s.d.r.c.RepositoryConfigurationDelegate : Bootstrapping Spring Data JPA repositories in DEFAULT mode.
2023-11-16 17:43:12.411  INFO 17004 --- [    Test worker] .s.d.r.c.RepositoryConfigurationDelegate : Finished Spring Data repository scanning in 126 ms. Found 1 JPA repository interfaces.
2023-11-16 17:43:14.700  INFO 17004 --- [    Test worker] o.s.b.w.embedded.tomcat.TomcatWebServer  : Tomcat initialized with port(s): 0 (http)
2023-11-16 17:43:14.737  INFO 17004 --- [    Test worker] o.apache.catalina.core.StandardService   : Starting service [Tomcat]
2023-11-16 17:43:14.737  INFO 17004 --- [    Test worker] org.apache.catalina.core.StandardEngine  : Starting Servlet engine: [Apache Tomcat/9.0.80]
2023-11-16 17:43:14.989  INFO 17004 --- [    Test worker] o.a.c.c.C.[Tomcat].[localhost].[/]       : Initializing Spring embedded WebApplicationContext
2023-11-16 17:43:14.989  INFO 17004 --- [    Test worker] w.s.c.ServletWebServerApplicationContext : Root WebApplicationContext: initialization completed in 5600 ms
2023-11-16 17:43:16.280  INFO 17004 --- [    Test worker] o.hibernate.jpa.internal.util.LogHelper  : HHH000204: Processing PersistenceUnitInfo [name: default]
2023-11-16 17:43:16.497  INFO 17004 --- [    Test worker] org.hibernate.Version                    : HHH000412: Hibernate ORM core version 5.6.15.Final
2023-11-16 17:43:17.180  INFO 17004 --- [    Test worker] o.hibernate.annotations.common.Version   : HCANN000001: Hibernate Commons Annotations {5.1.2.Final}
2023-11-16 17:43:17.773  INFO 17004 --- [    Test worker] com.zaxxer.hikari.HikariDataSource       : HikariPool-1 - Starting...
2023-11-16 17:43:18.895  INFO 17004 --- [    Test worker] com.zaxxer.hikari.HikariDataSource       : HikariPool-1 - Start completed.
2023-11-16 17:43:18.976  INFO 17004 --- [    Test worker] org.hibernate.dialect.Dialect            : HHH000400: Using dialect: org.hibernate.dialect.H2Dialect
2023-11-16 17:43:20.889  INFO 17004 --- [    Test worker] o.h.e.t.j.p.i.JtaPlatformInitiator       : HHH000490: Using JtaPlatform implementation: [org.hibernate.engine.transaction.jta.platform.internal.NoJtaPlatform]
2023-11-16 17:43:20.917  INFO 17004 --- [    Test worker] j.LocalContainerEntityManagerFactoryBean : Initialized JPA EntityManagerFactory for persistence unit 'default'
2023-11-16 17:43:22.307  WARN 17004 --- [    Test worker] JpaBaseConfiguration$JpaWebConfiguration : spring.jpa.open-in-view is enabled by default. Therefore, database queries may be performed during view rendering. Explicitly configure spring.jpa.open-in-view to disable this warning
2023-11-16 17:43:23.411  INFO 17004 --- [    Test worker] o.s.b.a.e.web.EndpointLinksResolver      : Exposing 1 endpoint(s) beneath base path '/actuator'
2023-11-16 17:43:24.256  WARN 17004 --- [    Test worker] o.s.s.c.a.web.builders.WebSecurity       : You are asking Spring Security to ignore Ant [pattern='/**']. This is not recommended -- please use permitAll via HttpSecurity#authorizeHttpRequests instead.
2023-11-16 17:43:24.259  INFO 17004 --- [    Test worker] o.s.s.web.DefaultSecurityFilterChain     : Will not secure Ant [pattern='/**']
2023-11-16 17:43:24.515  INFO 17004 --- [    Test worker] o.s.s.web.DefaultSecurityFilterChain     : Will secure any request with [org.springframework.security.web.session.DisableEncodeUrlFilter@53d44e7a, org.springframework.security.web.context.request.async.WebAsyncManagerIntegrationFilter@52ea8ca, org.springframework.security.web.context.SecurityContextPersistenceFilter@13628209, org.springframework.security.web.header.HeaderWriterFilter@481afe0f, org.springframework.security.web.csrf.CsrfFilter@228b4310, org.springframework.security.web.authentication.logout.LogoutFilter@4841bb70, org.springframework.security.web.authentication.www.BasicAuthenticationFilter@302424ac, org.springframework.security.web.savedrequest.RequestCacheAwareFilter@5be78dff, org.springframework.security.web.servletapi.SecurityContextHolderAwareRequestFilter@9d6f16, org.springframework.security.web.authentication.AnonymousAuthenticationFilter@406a46b7, org.springframework.security.web.session.SessionManagementFilter@24e129c0, org.springframework.security.web.access.ExceptionTranslationFilter@3f26653a, org.springframework.security.web.access.intercept.FilterSecurityInterceptor@774665fc]
2023-11-16 17:43:25.843  INFO 17004 --- [    Test worker] o.s.b.w.embedded.tomcat.TomcatWebServer  : Tomcat started on port(s): 58804 (http) with context path ''
2023-11-16 17:43:25.940  INFO 17004 --- [    Test worker] c.e.u.i.i.InventarioControllerTest       : Started InventarioControllerTest in 17.613 seconds (JVM running for 21.26)
2023-11-16 17:43:26.981  INFO 17004 --- [o-auto-1-exec-1] o.a.c.c.C.[Tomcat].[localhost].[/]       : Initializing Spring DispatcherServlet 'dispatcherServlet'
2023-11-16 17:43:26.981  INFO 17004 --- [o-auto-1-exec-1] o.s.web.servlet.DispatcherServlet        : Initializing Servlet 'dispatcherServlet'
2023-11-16 17:43:26.983  INFO 17004 --- [o-auto-1-exec-1] o.s.web.servlet.DispatcherServlet        : Completed initialization in 2 ms
]]></system-out>
  <system-err><![CDATA[]]></system-err>
</testsuite>
